This is pdfTeX, Version 3.141592653-2.6-1.40.26 (TeX Live 2024) (preloaded format=pdflatex 2024.8.5)  8 SEP 2024 18:55
entering extended mode
 restricted \write18 enabled.
 %&-line parsing enabled.
**CS229.tex
(./CS229.tex
LaTeX2e <2024-06-01> patch level 2
L3 programming layer <2024-07-20>
(d:/Apps/texlive/2024/texmf-dist/tex/latex/base/book.cls
Document Class: book 2024/02/08 v1.4n Standard LaTeX document class
(d:/Apps/texlive/2024/texmf-dist/tex/latex/base/bk12.clo
File: bk12.clo 2024/02/08 v1.4n Standard LaTeX file (size option)
)
\c@part=\count194
\c@chapter=\count195
\c@section=\count196
\c@subsection=\count197
\c@subsubsection=\count198
\c@paragraph=\count199
\c@subparagraph=\count266
\c@figure=\count267
\c@table=\count268
\abovecaptionskip=\skip49
\belowcaptionskip=\skip50
\bibindent=\dimen141
)
(d:/Apps/texlive/2024/texmf-dist/tex/latex/geometry/geometry.sty
Package: geometry 2020/01/02 v5.9 Page Geometry

(d:/Apps/texlive/2024/texmf-dist/tex/latex/graphics/keyval.sty
Package: keyval 2022/05/29 v1.15 key=value parser (DPC)
\KV@toks@=\toks17
)
(d:/Apps/texlive/2024/texmf-dist/tex/generic/iftex/ifvtex.sty
Package: ifvtex 2019/10/25 v1.7 ifvtex legacy package. Use iftex instead.

(d:/Apps/texlive/2024/texmf-dist/tex/generic/iftex/iftex.sty
Package: iftex 2022/02/03 v1.0f TeX engine tests
))
\Gm@cnth=\count269
\Gm@cntv=\count270
\c@Gm@tempcnt=\count271
\Gm@bindingoffset=\dimen142
\Gm@wd@mp=\dimen143
\Gm@odd@mp=\dimen144
\Gm@even@mp=\dimen145
\Gm@layoutwidth=\dimen146
\Gm@layoutheight=\dimen147
\Gm@layouthoffset=\dimen148
\Gm@layoutvoffset=\dimen149
\Gm@dimlist=\toks18
)
(d:/Apps/texlive/2024/texmf-dist/tex/latex/base/fontenc.sty
Package: fontenc 2021/04/29 v2.0v Standard LaTeX package
)
(d:/Apps/texlive/2024/texmf-dist/tex/latex/graphics/graphicx.sty
Package: graphicx 2021/09/16 v1.2d Enhanced LaTeX Graphics (DPC,SPQR)

(d:/Apps/texlive/2024/texmf-dist/tex/latex/graphics/graphics.sty
Package: graphics 2024/05/23 v1.4g Standard LaTeX Graphics (DPC,SPQR)

(d:/Apps/texlive/2024/texmf-dist/tex/latex/graphics/trig.sty
Package: trig 2023/12/02 v1.11 sin cos tan (DPC)
)
(d:/Apps/texlive/2024/texmf-dist/tex/latex/graphics-cfg/graphics.cfg
File: graphics.cfg 2016/06/04 v1.11 sample graphics configuration
)
Package graphics Info: Driver file: pdftex.def on input line 106.

(d:/Apps/texlive/2024/texmf-dist/tex/latex/graphics-def/pdftex.def
File: pdftex.def 2024/04/13 v1.2c Graphics/color driver for pdftex
))
\Gin@req@height=\dimen150
\Gin@req@width=\dimen151
)
(d:/Apps/texlive/2024/texmf-dist/tex/latex/pythonhighlight/pythonhighlight.sty
Package: pythonhighlight 2024/03/18 python code highlighting; provided by Olivi
er Verdier <olivier.verdier@gmail.com>

(d:/Apps/texlive/2024/texmf-dist/tex/latex/listings/listings.sty
\lst@mode=\count272
\lst@gtempboxa=\box52
\lst@token=\toks19
\lst@length=\count273
\lst@currlwidth=\dimen152
\lst@column=\count274
\lst@pos=\count275
\lst@lostspace=\dimen153
\lst@width=\dimen154
\lst@newlines=\count276
\lst@lineno=\count277
\lst@maxwidth=\dimen155

(d:/Apps/texlive/2024/texmf-dist/tex/latex/listings/lstpatch.sty
File: lstpatch.sty 2024/05/25 1.10b (Carsten Heinz)
)
(d:/Apps/texlive/2024/texmf-dist/tex/latex/listings/lstmisc.sty
File: lstmisc.sty 2024/05/25 1.10b (Carsten Heinz)
\c@lstnumber=\count278
\lst@skipnumbers=\count279
\lst@framebox=\box53
)
(d:/Apps/texlive/2024/texmf-dist/tex/latex/listings/listings.cfg
File: listings.cfg 2024/05/25 1.10b listings configuration
))
Package: listings 2024/05/25 1.10b (Carsten Heinz)

(d:/Apps/texlive/2024/texmf-dist/tex/latex/xcolor/xcolor.sty
Package: xcolor 2023/11/15 v3.01 LaTeX color extensions (UK)

(d:/Apps/texlive/2024/texmf-dist/tex/latex/graphics-cfg/color.cfg
File: color.cfg 2016/01/02 v1.6 sample color configuration
)
Package xcolor Info: Driver file: pdftex.def on input line 274.

(d:/Apps/texlive/2024/texmf-dist/tex/latex/graphics/mathcolor.ltx)
Package xcolor Info: Model `cmy' substituted by `cmy0' on input line 1350.
Package xcolor Info: Model `hsb' substituted by `rgb' on input line 1354.
Package xcolor Info: Model `RGB' extended on input line 1366.
Package xcolor Info: Model `HTML' substituted by `rgb' on input line 1368.
Package xcolor Info: Model `Hsb' substituted by `hsb' on input line 1369.
Package xcolor Info: Model `tHsb' substituted by `hsb' on input line 1370.
Package xcolor Info: Model `HSB' substituted by `hsb' on input line 1371.
Package xcolor Info: Model `Gray' substituted by `gray' on input line 1372.
Package xcolor Info: Model `wave' substituted by `hsb' on input line 1373.
)
(d:/Apps/texlive/2024/texmf-dist/tex/latex/l3packages/xparse/xparse.sty
(d:/Apps/texlive/2024/texmf-dist/tex/latex/l3kernel/expl3.sty
Package: expl3 2024-07-20 L3 programming layer (loader) 

(d:/Apps/texlive/2024/texmf-dist/tex/latex/l3backend/l3backend-pdftex.def
File: l3backend-pdftex.def 2024-05-08 L3 backend support: PDF output (pdfTeX)
\l__color_backend_stack_int=\count280
\l__pdf_internal_box=\box54
))
Package: xparse 2024-05-08 L3 Experimental document command parser
))
(d:/Apps/texlive/2024/texmf-dist/tex/latex/amsmath/amsmath.sty
Package: amsmath 2024/05/23 v2.17q AMS math features
\@mathmargin=\skip51

For additional information on amsmath, use the `?' option.
(d:/Apps/texlive/2024/texmf-dist/tex/latex/amsmath/amstext.sty
Package: amstext 2021/08/26 v2.01 AMS text

(d:/Apps/texlive/2024/texmf-dist/tex/latex/amsmath/amsgen.sty
File: amsgen.sty 1999/11/30 v2.0 generic functions
\@emptytoks=\toks20
\ex@=\dimen156
))
(d:/Apps/texlive/2024/texmf-dist/tex/latex/amsmath/amsbsy.sty
Package: amsbsy 1999/11/29 v1.2d Bold Symbols
\pmbraise@=\dimen157
)
(d:/Apps/texlive/2024/texmf-dist/tex/latex/amsmath/amsopn.sty
Package: amsopn 2022/04/08 v2.04 operator names
)
\inf@bad=\count281
LaTeX Info: Redefining \frac on input line 233.
\uproot@=\count282
\leftroot@=\count283
LaTeX Info: Redefining \overline on input line 398.
LaTeX Info: Redefining \colon on input line 409.
\classnum@=\count284
\DOTSCASE@=\count285
LaTeX Info: Redefining \ldots on input line 495.
LaTeX Info: Redefining \dots on input line 498.
LaTeX Info: Redefining \cdots on input line 619.
\Mathstrutbox@=\box55
\strutbox@=\box56
LaTeX Info: Redefining \big on input line 721.
LaTeX Info: Redefining \Big on input line 722.
LaTeX Info: Redefining \bigg on input line 723.
LaTeX Info: Redefining \Bigg on input line 724.
\big@size=\dimen158
LaTeX Font Info:    Redeclaring font encoding OML on input line 742.
LaTeX Font Info:    Redeclaring font encoding OMS on input line 743.
\macc@depth=\count286
LaTeX Info: Redefining \bmod on input line 904.
LaTeX Info: Redefining \pmod on input line 909.
LaTeX Info: Redefining \smash on input line 939.
LaTeX Info: Redefining \relbar on input line 969.
LaTeX Info: Redefining \Relbar on input line 970.
\c@MaxMatrixCols=\count287
\dotsspace@=\muskip17
\c@parentequation=\count288
\dspbrk@lvl=\count289
\tag@help=\toks21
\row@=\count290
\column@=\count291
\maxfields@=\count292
\andhelp@=\toks22
\eqnshift@=\dimen159
\alignsep@=\dimen160
\tagshift@=\dimen161
\tagwidth@=\dimen162
\totwidth@=\dimen163
\lineht@=\dimen164
\@envbody=\toks23
\multlinegap=\skip52
\multlinetaggap=\skip53
\mathdisplay@stack=\toks24
LaTeX Info: Redefining \[ on input line 2953.
LaTeX Info: Redefining \] on input line 2954.
)
(d:/Apps/texlive/2024/texmf-dist/tex/latex/tcolorbox/tcolorbox.sty
Package: tcolorbox 2024/07/10 version 6.3.0 text color boxes

(d:/Apps/texlive/2024/texmf-dist/tex/latex/pgf/frontendlayer/tikz.sty
(d:/Apps/texlive/2024/texmf-dist/tex/latex/pgf/basiclayer/pgf.sty
(d:/Apps/texlive/2024/texmf-dist/tex/latex/pgf/utilities/pgfrcs.sty
(d:/Apps/texlive/2024/texmf-dist/tex/generic/pgf/utilities/pgfutil-common.tex
\pgfutil@everybye=\toks25
\pgfutil@tempdima=\dimen165
\pgfutil@tempdimb=\dimen166
)
(d:/Apps/texlive/2024/texmf-dist/tex/generic/pgf/utilities/pgfutil-latex.def
\pgfutil@abb=\box57
)
(d:/Apps/texlive/2024/texmf-dist/tex/generic/pgf/utilities/pgfrcs.code.tex
(d:/Apps/texlive/2024/texmf-dist/tex/generic/pgf/pgf.revision.tex)
Package: pgfrcs 2023-01-15 v3.1.10 (3.1.10)
))
Package: pgf 2023-01-15 v3.1.10 (3.1.10)

(d:/Apps/texlive/2024/texmf-dist/tex/latex/pgf/basiclayer/pgfcore.sty
(d:/Apps/texlive/2024/texmf-dist/tex/latex/pgf/systemlayer/pgfsys.sty
(d:/Apps/texlive/2024/texmf-dist/tex/generic/pgf/systemlayer/pgfsys.code.tex
Package: pgfsys 2023-01-15 v3.1.10 (3.1.10)

(d:/Apps/texlive/2024/texmf-dist/tex/generic/pgf/utilities/pgfkeys.code.tex
\pgfkeys@pathtoks=\toks26
\pgfkeys@temptoks=\toks27

(d:/Apps/texlive/2024/texmf-dist/tex/generic/pgf/utilities/pgfkeyslibraryfilter
ed.code.tex
\pgfkeys@tmptoks=\toks28
))
\pgf@x=\dimen167
\pgf@y=\dimen168
\pgf@xa=\dimen169
\pgf@ya=\dimen170
\pgf@xb=\dimen171
\pgf@yb=\dimen172
\pgf@xc=\dimen173
\pgf@yc=\dimen174
\pgf@xd=\dimen175
\pgf@yd=\dimen176
\w@pgf@writea=\write3
\r@pgf@reada=\read2
\c@pgf@counta=\count293
\c@pgf@countb=\count294
\c@pgf@countc=\count295
\c@pgf@countd=\count296
\t@pgf@toka=\toks29
\t@pgf@tokb=\toks30
\t@pgf@tokc=\toks31
\pgf@sys@id@count=\count297

(d:/Apps/texlive/2024/texmf-dist/tex/generic/pgf/systemlayer/pgf.cfg
File: pgf.cfg 2023-01-15 v3.1.10 (3.1.10)
)
Driver file for pgf: pgfsys-pdftex.def

(d:/Apps/texlive/2024/texmf-dist/tex/generic/pgf/systemlayer/pgfsys-pdftex.def
File: pgfsys-pdftex.def 2023-01-15 v3.1.10 (3.1.10)

(d:/Apps/texlive/2024/texmf-dist/tex/generic/pgf/systemlayer/pgfsys-common-pdf.
def
File: pgfsys-common-pdf.def 2023-01-15 v3.1.10 (3.1.10)
)))
(d:/Apps/texlive/2024/texmf-dist/tex/generic/pgf/systemlayer/pgfsyssoftpath.cod
e.tex
File: pgfsyssoftpath.code.tex 2023-01-15 v3.1.10 (3.1.10)
\pgfsyssoftpath@smallbuffer@items=\count298
\pgfsyssoftpath@bigbuffer@items=\count299
)
(d:/Apps/texlive/2024/texmf-dist/tex/generic/pgf/systemlayer/pgfsysprotocol.cod
e.tex
File: pgfsysprotocol.code.tex 2023-01-15 v3.1.10 (3.1.10)
))
(d:/Apps/texlive/2024/texmf-dist/tex/generic/pgf/basiclayer/pgfcore.code.tex
Package: pgfcore 2023-01-15 v3.1.10 (3.1.10)

(d:/Apps/texlive/2024/texmf-dist/tex/generic/pgf/math/pgfmath.code.tex
(d:/Apps/texlive/2024/texmf-dist/tex/generic/pgf/math/pgfmathutil.code.tex)
(d:/Apps/texlive/2024/texmf-dist/tex/generic/pgf/math/pgfmathparser.code.tex
\pgfmath@dimen=\dimen177
\pgfmath@count=\count300
\pgfmath@box=\box58
\pgfmath@toks=\toks32
\pgfmath@stack@operand=\toks33
\pgfmath@stack@operation=\toks34
)
(d:/Apps/texlive/2024/texmf-dist/tex/generic/pgf/math/pgfmathfunctions.code.tex
)
(d:/Apps/texlive/2024/texmf-dist/tex/generic/pgf/math/pgfmathfunctions.basic.co
de.tex)
(d:/Apps/texlive/2024/texmf-dist/tex/generic/pgf/math/pgfmathfunctions.trigonom
etric.code.tex)
(d:/Apps/texlive/2024/texmf-dist/tex/generic/pgf/math/pgfmathfunctions.random.c
ode.tex)
(d:/Apps/texlive/2024/texmf-dist/tex/generic/pgf/math/pgfmathfunctions.comparis
on.code.tex)
(d:/Apps/texlive/2024/texmf-dist/tex/generic/pgf/math/pgfmathfunctions.base.cod
e.tex)
(d:/Apps/texlive/2024/texmf-dist/tex/generic/pgf/math/pgfmathfunctions.round.co
de.tex)
(d:/Apps/texlive/2024/texmf-dist/tex/generic/pgf/math/pgfmathfunctions.misc.cod
e.tex)
(d:/Apps/texlive/2024/texmf-dist/tex/generic/pgf/math/pgfmathfunctions.integera
rithmetics.code.tex)
(d:/Apps/texlive/2024/texmf-dist/tex/generic/pgf/math/pgfmathcalc.code.tex)
(d:/Apps/texlive/2024/texmf-dist/tex/generic/pgf/math/pgfmathfloat.code.tex
\c@pgfmathroundto@lastzeros=\count301
))
(d:/Apps/texlive/2024/texmf-dist/tex/generic/pgf/math/pgfint.code.tex)
(d:/Apps/texlive/2024/texmf-dist/tex/generic/pgf/basiclayer/pgfcorepoints.code.
tex
File: pgfcorepoints.code.tex 2023-01-15 v3.1.10 (3.1.10)
\pgf@picminx=\dimen178
\pgf@picmaxx=\dimen179
\pgf@picminy=\dimen180
\pgf@picmaxy=\dimen181
\pgf@pathminx=\dimen182
\pgf@pathmaxx=\dimen183
\pgf@pathminy=\dimen184
\pgf@pathmaxy=\dimen185
\pgf@xx=\dimen186
\pgf@xy=\dimen187
\pgf@yx=\dimen188
\pgf@yy=\dimen189
\pgf@zx=\dimen190
\pgf@zy=\dimen191
)
(d:/Apps/texlive/2024/texmf-dist/tex/generic/pgf/basiclayer/pgfcorepathconstruc
t.code.tex
File: pgfcorepathconstruct.code.tex 2023-01-15 v3.1.10 (3.1.10)
\pgf@path@lastx=\dimen192
\pgf@path@lasty=\dimen193
)
(d:/Apps/texlive/2024/texmf-dist/tex/generic/pgf/basiclayer/pgfcorepathusage.co
de.tex
File: pgfcorepathusage.code.tex 2023-01-15 v3.1.10 (3.1.10)
\pgf@shorten@end@additional=\dimen194
\pgf@shorten@start@additional=\dimen195
)
(d:/Apps/texlive/2024/texmf-dist/tex/generic/pgf/basiclayer/pgfcorescopes.code.
tex
File: pgfcorescopes.code.tex 2023-01-15 v3.1.10 (3.1.10)
\pgfpic=\box59
\pgf@hbox=\box60
\pgf@layerbox@main=\box61
\pgf@picture@serial@count=\count302
)
(d:/Apps/texlive/2024/texmf-dist/tex/generic/pgf/basiclayer/pgfcoregraphicstate
.code.tex
File: pgfcoregraphicstate.code.tex 2023-01-15 v3.1.10 (3.1.10)
\pgflinewidth=\dimen196
)
(d:/Apps/texlive/2024/texmf-dist/tex/generic/pgf/basiclayer/pgfcoretransformati
ons.code.tex
File: pgfcoretransformations.code.tex 2023-01-15 v3.1.10 (3.1.10)
\pgf@pt@x=\dimen197
\pgf@pt@y=\dimen198
\pgf@pt@temp=\dimen199
)
(d:/Apps/texlive/2024/texmf-dist/tex/generic/pgf/basiclayer/pgfcorequick.code.t
ex
File: pgfcorequick.code.tex 2023-01-15 v3.1.10 (3.1.10)
)
(d:/Apps/texlive/2024/texmf-dist/tex/generic/pgf/basiclayer/pgfcoreobjects.code
.tex
File: pgfcoreobjects.code.tex 2023-01-15 v3.1.10 (3.1.10)
)
(d:/Apps/texlive/2024/texmf-dist/tex/generic/pgf/basiclayer/pgfcorepathprocessi
ng.code.tex
File: pgfcorepathprocessing.code.tex 2023-01-15 v3.1.10 (3.1.10)
)
(d:/Apps/texlive/2024/texmf-dist/tex/generic/pgf/basiclayer/pgfcorearrows.code.
tex
File: pgfcorearrows.code.tex 2023-01-15 v3.1.10 (3.1.10)
\pgfarrowsep=\dimen256
)
(d:/Apps/texlive/2024/texmf-dist/tex/generic/pgf/basiclayer/pgfcoreshade.code.t
ex
File: pgfcoreshade.code.tex 2023-01-15 v3.1.10 (3.1.10)
\pgf@max=\dimen257
\pgf@sys@shading@range@num=\count303
\pgf@shadingcount=\count304
)
(d:/Apps/texlive/2024/texmf-dist/tex/generic/pgf/basiclayer/pgfcoreimage.code.t
ex
File: pgfcoreimage.code.tex 2023-01-15 v3.1.10 (3.1.10)
)
(d:/Apps/texlive/2024/texmf-dist/tex/generic/pgf/basiclayer/pgfcoreexternal.cod
e.tex
File: pgfcoreexternal.code.tex 2023-01-15 v3.1.10 (3.1.10)
\pgfexternal@startupbox=\box62
)
(d:/Apps/texlive/2024/texmf-dist/tex/generic/pgf/basiclayer/pgfcorelayers.code.
tex
File: pgfcorelayers.code.tex 2023-01-15 v3.1.10 (3.1.10)
)
(d:/Apps/texlive/2024/texmf-dist/tex/generic/pgf/basiclayer/pgfcoretransparency
.code.tex
File: pgfcoretransparency.code.tex 2023-01-15 v3.1.10 (3.1.10)
)
(d:/Apps/texlive/2024/texmf-dist/tex/generic/pgf/basiclayer/pgfcorepatterns.cod
e.tex
File: pgfcorepatterns.code.tex 2023-01-15 v3.1.10 (3.1.10)
)
(d:/Apps/texlive/2024/texmf-dist/tex/generic/pgf/basiclayer/pgfcorerdf.code.tex
File: pgfcorerdf.code.tex 2023-01-15 v3.1.10 (3.1.10)
)))
(d:/Apps/texlive/2024/texmf-dist/tex/generic/pgf/modules/pgfmoduleshapes.code.t
ex
File: pgfmoduleshapes.code.tex 2023-01-15 v3.1.10 (3.1.10)
\pgfnodeparttextbox=\box63
)
(d:/Apps/texlive/2024/texmf-dist/tex/generic/pgf/modules/pgfmoduleplot.code.tex
File: pgfmoduleplot.code.tex 2023-01-15 v3.1.10 (3.1.10)
)
(d:/Apps/texlive/2024/texmf-dist/tex/latex/pgf/compatibility/pgfcomp-version-0-
65.sty
Package: pgfcomp-version-0-65 2023-01-15 v3.1.10 (3.1.10)
\pgf@nodesepstart=\dimen258
\pgf@nodesepend=\dimen259
)
(d:/Apps/texlive/2024/texmf-dist/tex/latex/pgf/compatibility/pgfcomp-version-1-
18.sty
Package: pgfcomp-version-1-18 2023-01-15 v3.1.10 (3.1.10)
)) (d:/Apps/texlive/2024/texmf-dist/tex/latex/pgf/utilities/pgffor.sty
(d:/Apps/texlive/2024/texmf-dist/tex/latex/pgf/utilities/pgfkeys.sty
(d:/Apps/texlive/2024/texmf-dist/tex/generic/pgf/utilities/pgfkeys.code.tex))
(d:/Apps/texlive/2024/texmf-dist/tex/latex/pgf/math/pgfmath.sty
(d:/Apps/texlive/2024/texmf-dist/tex/generic/pgf/math/pgfmath.code.tex))
(d:/Apps/texlive/2024/texmf-dist/tex/generic/pgf/utilities/pgffor.code.tex
Package: pgffor 2023-01-15 v3.1.10 (3.1.10)
\pgffor@iter=\dimen260
\pgffor@skip=\dimen261
\pgffor@stack=\toks35
\pgffor@toks=\toks36
))
(d:/Apps/texlive/2024/texmf-dist/tex/generic/pgf/frontendlayer/tikz/tikz.code.t
ex
Package: tikz 2023-01-15 v3.1.10 (3.1.10)

(d:/Apps/texlive/2024/texmf-dist/tex/generic/pgf/libraries/pgflibraryplothandle
rs.code.tex
File: pgflibraryplothandlers.code.tex 2023-01-15 v3.1.10 (3.1.10)
\pgf@plot@mark@count=\count305
\pgfplotmarksize=\dimen262
)
\tikz@lastx=\dimen263
\tikz@lasty=\dimen264
\tikz@lastxsaved=\dimen265
\tikz@lastysaved=\dimen266
\tikz@lastmovetox=\dimen267
\tikz@lastmovetoy=\dimen268
\tikzleveldistance=\dimen269
\tikzsiblingdistance=\dimen270
\tikz@figbox=\box64
\tikz@figbox@bg=\box65
\tikz@tempbox=\box66
\tikz@tempbox@bg=\box67
\tikztreelevel=\count306
\tikznumberofchildren=\count307
\tikznumberofcurrentchild=\count308
\tikz@fig@count=\count309

(d:/Apps/texlive/2024/texmf-dist/tex/generic/pgf/modules/pgfmodulematrix.code.t
ex
File: pgfmodulematrix.code.tex 2023-01-15 v3.1.10 (3.1.10)
\pgfmatrixcurrentrow=\count310
\pgfmatrixcurrentcolumn=\count311
\pgf@matrix@numberofcolumns=\count312
)
\tikz@expandcount=\count313

(d:/Apps/texlive/2024/texmf-dist/tex/generic/pgf/frontendlayer/tikz/libraries/t
ikzlibrarytopaths.code.tex
File: tikzlibrarytopaths.code.tex 2023-01-15 v3.1.10 (3.1.10)
)))
(d:/Apps/texlive/2024/texmf-dist/tex/latex/tools/verbatim.sty
Package: verbatim 2024-01-22 v1.5x LaTeX2e package for verbatim enhancements
\every@verbatim=\toks37
\verbatim@line=\toks38
\verbatim@in@stream=\read3
)
(d:/Apps/texlive/2024/texmf-dist/tex/latex/environ/environ.sty
Package: environ 2014/05/04 v0.3 A new way to define environments

(d:/Apps/texlive/2024/texmf-dist/tex/latex/trimspaces/trimspaces.sty
Package: trimspaces 2009/09/17 v1.1 Trim spaces around a token list
))
(d:/Apps/texlive/2024/texmf-dist/tex/latex/etoolbox/etoolbox.sty
Package: etoolbox 2020/10/05 v2.5k e-TeX tools for LaTeX (JAW)
\etb@tempcnta=\count314
)
\tcb@titlebox=\box68
\tcb@upperbox=\box69
\tcb@lowerbox=\box70
\tcb@phantombox=\box71
\c@tcbbreakpart=\count315
\c@tcblayer=\count316
\c@tcolorbox@number=\count317
\l__tcobox_tmpa_box=\box72
\l__tcobox_tmpa_dim=\dimen271
\tcb@temp=\box73
\tcb@temp=\box74
\tcb@temp=\box75
\tcb@temp=\box76
)
(d:/Apps/texlive/2024/texmf-dist/tex/latex/listings/lstlang1.sty
File: lstlang1.sty 2024/05/25 1.10b listings language file
) (./CS229.aux)
\openout1 = `CS229.aux'.

LaTeX Font Info:    Checking defaults for OML/cmm/m/it on input line 28.
LaTeX Font Info:    ... okay on input line 28.
LaTeX Font Info:    Checking defaults for OMS/cmsy/m/n on input line 28.
LaTeX Font Info:    ... okay on input line 28.
LaTeX Font Info:    Checking defaults for OT1/cmr/m/n on input line 28.
LaTeX Font Info:    ... okay on input line 28.
LaTeX Font Info:    Checking defaults for T1/cmr/m/n on input line 28.
LaTeX Font Info:    ... okay on input line 28.
LaTeX Font Info:    Checking defaults for TS1/cmr/m/n on input line 28.
LaTeX Font Info:    ... okay on input line 28.
LaTeX Font Info:    Checking defaults for OMX/cmex/m/n on input line 28.
LaTeX Font Info:    ... okay on input line 28.
LaTeX Font Info:    Checking defaults for U/cmr/m/n on input line 28.
LaTeX Font Info:    ... okay on input line 28.
*geometry* driver: auto-detecting
*geometry* detected driver: pdftex
*geometry* verbose mode - [ preamble ] result:
* driver: pdftex
* paper: a4paper
* layout: <same size as paper>
* layoutoffset:(h,v)=(0.0pt,0.0pt)
* modes: twoside 
* h-part:(L,W,R)=(47.7999pt, 478.00812pt, 71.69986pt)
* v-part:(T,H,B)=(67.60269pt, 676.04005pt, 101.4041pt)
* \paperwidth=597.50787pt
* \paperheight=845.04684pt
* \textwidth=478.00812pt
* \textheight=676.04005pt
* \oddsidemargin=-24.4701pt
* \evensidemargin=-0.57013pt
* \topmargin=-36.54109pt
* \headheight=12.0pt
* \headsep=19.8738pt
* \topskip=12.0pt
* \footskip=30.0pt
* \marginparwidth=88.0pt
* \marginparsep=7.0pt
* \columnsep=10.0pt
* \skip\footins=10.8pt plus 4.0pt minus 2.0pt
* \hoffset=0.0pt
* \voffset=0.0pt
* \mag=1000
* \@twocolumnfalse
* \@twosidetrue
* \@mparswitchtrue
* \@reversemarginfalse
* (1in=72.27pt=25.4mm, 1cm=28.453pt)

(d:/Apps/texlive/2024/texmf-dist/tex/context/base/mkii/supp-pdf.mkii
[Loading MPS to PDF converter (version 2006.09.02).]
\scratchcounter=\count318
\scratchdimen=\dimen272
\scratchbox=\box77
\nofMPsegments=\count319
\nofMParguments=\count320
\everyMPshowfont=\toks39
\MPscratchCnt=\count321
\MPscratchDim=\dimen273
\MPnumerator=\count322
\makeMPintoPDFobject=\count323
\everyMPtoPDFconversion=\toks40
) (d:/Apps/texlive/2024/texmf-dist/tex/latex/epstopdf-pkg/epstopdf-base.sty
Package: epstopdf-base 2020-01-24 v2.11 Base part for package epstopdf
Package epstopdf-base Info: Redefining graphics rule for `.eps' on input line 4
85.

(d:/Apps/texlive/2024/texmf-dist/tex/latex/latexconfig/epstopdf-sys.cfg
File: epstopdf-sys.cfg 2010/07/13 v1.3 Configuration of (r)epstopdf for TeX Liv
e
))
\c@lstlisting=\count324


[1


{d:/Apps/texlive/2024/texmf-var/fonts/map/pdftex/updmap/pdftex.map}{d:/Apps/tex
live/2024/texmf-dist/fonts/enc/dvips/cm-super/cm-super-t1.enc}]

[2

] (./CS229.toc)
\tf@toc=\write4
\openout4 = `CS229.toc'.



[3]

[4

]
Chapter 1.
<data.png, id=26, 720.5319pt x 490.7133pt>
File: data.png Graphic file (type png)
<use data.png>
Package pdftex.def Info: data.png  used on input line 42.
(pdftex.def)             Requested size: 426.79134pt x 290.67143pt.


[5 <./data.png>]
(d:/Apps/texlive/2024/texmf-dist/tex/latex/listings/lstlang1.sty
File: lstlang1.sty 2024/05/25 1.10b listings language file
)
LaTeX Font Info:    Trying to load font information for T1+cmtt on input line 5
2.

(d:/Apps/texlive/2024/texmf-dist/tex/latex/base/t1cmtt.fd
File: t1cmtt.fd 2023/04/13 v2.5m Standard LaTeX font definitions
)
LaTeX Font Info:    Font shape `T1/cmtt/bx/n' in size <10> not available
(Font)              Font shape `T1/cmtt/m/n' tried instead on input line 54.
<regression.png, id=34, 720.5319pt x 505.1673pt>
File: regression.png Graphic file (type png)
<use regression.png>
Package pdftex.def Info: regression.png  used on input line 93.
(pdftex.def)             Requested size: 426.79134pt x 299.23318pt.


[6]
<surface.png, id=43, 466.8642pt x 474.0912pt>
File: surface.png Graphic file (type png)
<use surface.png>
Package pdftex.def Info: surface.png  used on input line 97.
(pdftex.def)             Requested size: 168.11372pt x 170.71652pt.
<contour.png, id=44, 733.5405pt x 505.1673pt>
File: contour.png Graphic file (type png)
<use contour.png>
Package pdftex.def Info: contour.png  used on input line 98.
(pdftex.def)             Requested size: 247.88942pt x 170.71652pt.

Overfull \hbox (3.25725pt too wide) in paragraph at lines 96--99
       []                  [] 
 []


Underfull \hbox (badness 10000) in paragraph at lines 104--106

 []


Underfull \hbox (badness 10000) in paragraph at lines 104--106

 []


Underfull \vbox (badness 2573) has occurred while \output is active []



[7 <./regression.png> <./surface.png> <./contour.png>]
<head.png, id=52, 545.78906pt x 188.95593pt>
File: head.png Graphic file (type png)
<use head.png>
Package pdftex.def Info: head.png  used on input line 111.
(pdftex.def)             Requested size: 227.62204pt x 78.80447pt.
<normalized.png, id=53, 531.48563pt x 192.72pt>
File: normalized.png Graphic file (type png)
<use normalized.png>
Package pdftex.def Info: normalized.png  used on input line 112.
(pdftex.def)             Requested size: 227.62204pt x 82.53862pt.

Underfull \hbox (badness 10000) in paragraph at lines 106--114

 []


Underfull \hbox (badness 10000) in paragraph at lines 106--114

 []


Underfull \hbox (badness 10000) in paragraph at lines 106--114

 []


Underfull \hbox (badness 10000) in paragraph at lines 116--118

 []

<epoch2.png, id=54, 729.927pt x 505.1673pt>
File: epoch2.png Graphic file (type png)
<use epoch2.png>
Package pdftex.def Info: epoch2.png  used on input line 135.
(pdftex.def)             Requested size: 284.52756pt x 196.91425pt.

Underfull \vbox (badness 1960) has occurred while \output is active []



[8 <./head.png> <./normalized.png>]
Underfull \hbox (badness 10000) in paragraph at lines 140--148

 []



[9 <./epoch2.png>]

[10

]
Chapter 2.
LaTeX Font Info:    Font shape `T1/cmtt/bx/n' in size <12> not available
(Font)              Font shape `T1/cmtt/m/n' tried instead on input line 155.

Underfull \hbox (badness 10000) in paragraph at lines 155--156

 []

<data2.png, id=70, 502.2765pt x 379.4175pt>
File: data2.png Graphic file (type png)
<use data2.png>
Package pdftex.def Info: data2.png  used on input line 161.
(pdftex.def)             Requested size: 341.43306pt x 257.92522pt.

Underfull \vbox (badness 5578) has occurred while \output is active []



[11 <./data2.png>]
<boundary.png, id=76, 502.2765pt x 379.4175pt>
File: boundary.png Graphic file (type png)
<use boundary.png>
Package pdftex.def Info: boundary.png  used on input line 195.
(pdftex.def)             Requested size: 426.79134pt x 322.40797pt.


[12]
<data22.png, id=80, 513.8397pt x 379.4175pt>
File: data22.png Graphic file (type png)
<use data22.png>
Package pdftex.def Info: data22.png  used on input line 210.
(pdftex.def)             Requested size: 341.43306pt x 252.12419pt.

Underfull \vbox (badness 10000) has occurred while \output is active []



[13 <./boundary.png>]
Underfull \hbox (badness 10000) in paragraph at lines 218--221

 []


Underfull \vbox (badness 5077) has occurred while \output is active []



[14 <./data22.png>]
Underfull \hbox (badness 10000) in paragraph at lines 225--227

 []

<regression22.png, id=91, 333.8874pt x 258.7266pt>
File: regression22.png Graphic file (type png)
<use regression22.png>
Package pdftex.def Info: regression22.png  used on input line 270.
(pdftex.def)             Requested size: 341.43306pt x 264.58058pt.
<lambda.png, id=92, 393.61339pt x 639.67554pt>
File: lambda.png Graphic file (type png)
<use lambda.png>
Package pdftex.def Info: lambda.png  used on input line 272.
(pdftex.def)             Requested size: 227.62204pt x 369.91887pt.

Underfull \hbox (badness 10000) in paragraph at lines 270--273

 []



[15]

[16 <./regression22.png (PNG copy)> <./lambda.png>] (./CS229.aux)
 ***********
LaTeX2e <2024-06-01> patch level 2
L3 programming layer <2024-07-20>
 ***********
 ) 
Here is how much of TeX's memory you used:
 18171 strings out of 473579
 360383 string characters out of 5729749
 2171960 words of memory out of 5000000
 40798 multiletter control sequences out of 15000+600000
 572541 words of font info for 68 fonts, out of 8000000 for 9000
 1141 hyphenation exceptions out of 8191
 98i,8n,101p,462b,1683s stack positions out of 10000i,1000n,20000p,200000b,200000s
<d:/Apps/texlive/2024/texmf-dist/fonts/type1/public/amsfonts/cm/cmex10.pfb><d
:/Apps/texlive/2024/texmf-dist/fonts/type1/public/amsfonts/cm/cmmi10.pfb><d:/Ap
ps/texlive/2024/texmf-dist/fonts/type1/public/amsfonts/cm/cmmi12.pfb><d:/Apps/t
exlive/2024/texmf-dist/fonts/type1/public/amsfonts/cm/cmmi8.pfb><d:/Apps/texliv
e/2024/texmf-dist/fonts/type1/public/amsfonts/cm/cmr12.pfb><d:/Apps/texlive/202
4/texmf-dist/fonts/type1/public/amsfonts/cm/cmr8.pfb><d:/Apps/texlive/2024/texm
f-dist/fonts/type1/public/amsfonts/cm/cmsy10.pfb><d:/Apps/texlive/2024/texmf-di
st/fonts/type1/public/amsfonts/cm/cmsy8.pfb><d:/Apps/texlive/2024/texmf-dist/fo
nts/type1/public/cm-super/sfbx1200.pfb><d:/Apps/texlive/2024/texmf-dist/fonts/t
ype1/public/cm-super/sfbx1440.pfb><d:/Apps/texlive/2024/texmf-dist/fonts/type1/
public/cm-super/sfbx1728.pfb><d:/Apps/texlive/2024/texmf-dist/fonts/type1/publi
c/cm-super/sfbx2488.pfb><d:/Apps/texlive/2024/texmf-dist/fonts/type1/public/cm-
super/sfrm1000.pfb><d:/Apps/texlive/2024/texmf-dist/fonts/type1/public/cm-super
/sfrm1200.pfb><d:/Apps/texlive/2024/texmf-dist/fonts/type1/public/cm-super/sfrm
1440.pfb><d:/Apps/texlive/2024/texmf-dist/fonts/type1/public/cm-super/sfrm2074.
pfb><d:/Apps/texlive/2024/texmf-dist/fonts/type1/public/cm-super/sfsl1200.pfb><
d:/Apps/texlive/2024/texmf-dist/fonts/type1/public/cm-super/sfst1000.pfb><d:/Ap
ps/texlive/2024/texmf-dist/fonts/type1/public/cm-super/sftt1000.pfb><d:/Apps/te
xlive/2024/texmf-dist/fonts/type1/public/cm-super/sftt1200.pfb>
Output written on CS229.pdf (16 pages, 1006591 bytes).
PDF statistics:
 185 PDF objects out of 1000 (max. 8388607)
 102 compressed objects within 2 object streams
 0 named destinations out of 1000 (max. 500000)
 73 words of extra memory for PDF output out of 10000 (max. 10000000)

